<?xml version="1.0" encoding="UTF-8"?>
<!-- Generated by org.testng.reporters.JUnitXMLReporter -->
<testsuite ignored="0" hostname="srmtech-vdi422" failures="0" tests="2" name="Forgot_Password_Link_Test" time="3.852" errors="0" timestamp="2022-04-01T13:42:18 IST">
  <testcase classname="com.qa.pcs.test.LoginPageTest" name="forgotPasswordLinkTest" time="0.065"/>
  <testcase classname="com.qa.pcs.test.LoginPageTest" name="loginTest" time="1.353"/>
</testsuite> <!-- Forgot_Password_Link_Test -->
