<?xml version="1.0" encoding="UTF-8"?>
<!-- Generated by org.testng.reporters.JUnitXMLReporter -->
<testsuite hostname="srmtech-vdi422" ignored="0" name="Login_Test" tests="3" failures="0" timestamp="2022-04-22T21:42:10 IST" time="6.936" errors="0">
  <testcase name="forgotPasswordLinkTest" time="0.279" classname="com.qa.pcs.test.LoginPageTest"/>
  <testcase name="loginTest" time="1.702" classname="com.qa.pcs.test.LoginPageTest"/>
  <testcase name="titleTest" time="0.025" classname="com.qa.pcs.test.LoginPageTest"/>
</testsuite> <!-- Login_Test -->
