<?xml version="1.0" encoding="UTF-8"?>
<!-- Generated by org.testng.reporters.JUnitXMLReporter -->
<testsuite ignored="0" hostname="srmtech-vdi422" failures="0" tests="3" name="Login_Test" time="6.461" errors="0" timestamp="2022-04-19T14:34:47 IST">
  <testcase classname="com.qa.pcs.test.LoginPageTest" name="forgotPasswordLinkTest" time="0.145"/>
  <testcase classname="com.qa.pcs.test.LoginPageTest" name="loginTest" time="1.439"/>
  <testcase classname="com.qa.pcs.test.LoginPageTest" name="titleTest" time="0.01"/>
</testsuite> <!-- Login_Test -->
