<?xml version="1.0" encoding="UTF-8"?>
<!-- Generated by org.testng.reporters.JUnitXMLReporter -->
<testsuite hostname="srmtech-vdi422" ignored="0" name="Test" tests="2" failures="1" timestamp="2022-04-29T12:30:20 IST" time="14.169" errors="0">
  <testcase name="userCreationTest" time="6.448" classname="com.qa.pcs.test.UsermanagementPageTest">
    <failure type="java.lang.AssertionError" message="User Creation is failed expected [true] but found [false]">
      <![CDATA[java.lang.AssertionError: User Creation is failed expected [true] but found [false]
at com.qa.pcs.test.UsermanagementPageTest.userCreationTest(UsermanagementPageTest.java:43)
at java.util.ArrayList.forEach(ArrayList.java:1259)
... Removed 30 stack frames]]>
    </failure>
  </testcase> <!-- userCreationTest -->
  <testcase name="editUserTest" time="1.159" classname="com.qa.pcs.test.UsermanagementPageTest"/>
</testsuite> <!-- Test -->
