<?xml version="1.0" encoding="UTF-8"?>
<!-- Generated by org.testng.reporters.JUnitXMLReporter -->
<testsuite ignored="0" hostname="srmtech-vdi422" failures="0" tests="2" name="User_Management_Test" time="18.478" errors="0" timestamp="2022-04-19T15:40:44 IST">
  <testcase classname="com.qa.pcs.test.UsermanagementPageTest" name="userCreationTest" time="5.218"/>
  <testcase classname="com.qa.pcs.test.UsermanagementPageTest" name="userCreationTest" time="5.45"/>
</testsuite> <!-- User_Management_Test -->
